<?xml version="1.0" encoding="UTF-8"?>
<testsuite name="TwoferTest" tests="3" skipped="0" failures="0" errors="0" timestamp="2024-04-19T14:21:54" hostname="fedora" time="0.052">
  <properties/>
  <testcase name="noNameGiven()" classname="TwoferTest" time="0.045"/>
  <testcase name="aNameGiven()" classname="TwoferTest" time="0.003"/>
  <testcase name="anotherNameGiven()" classname="TwoferTest" time="0.001"/>
  <system-out><![CDATA[]]></system-out>
  <system-err><![CDATA[]]></system-err>
</testsuite>
